0 verbose cli /usr/bin/node /usr/bin/npm
1 info using npm@9.2.0
2 info using node@v18.19.1
3 timing npm:load:whichnode Completed in 1ms
4 timing config:load:defaults Completed in 2ms
5 timing config:load:file:/usr/share/nodejs/npm/npmrc Completed in 4ms
6 timing config:load:builtin Completed in 5ms
7 timing config:load:cli Completed in 3ms
8 timing config:load:env Completed in 1ms
9 timing config:load:file:/home/ubuntu/dockerized-nodejs-service/.npmrc Completed in 0ms
10 timing config:load:project Completed in 5ms
11 timing config:load:file:/home/ubuntu/.npmrc Completed in 0ms
12 timing config:load:user Completed in 0ms
13 timing config:load:file:/etc/npmrc Completed in 3ms
14 timing config:load:global Completed in 3ms
15 timing config:load:setEnvs Completed in 2ms
16 timing config:load Completed in 21ms
17 timing npm:load:configload Completed in 21ms
18 timing npm:load:mkdirpcache Completed in 0ms
19 timing npm:load:mkdirplogs Completed in 0ms
20 verbose title npm install express-basic-auth
21 verbose argv "install" "express-basic-auth"
22 timing npm:load:setTitle Completed in 2ms
23 timing config:load:flatten Completed in 9ms
24 timing npm:load:display Completed in 11ms
25 verbose logfile logs-max:10 dir:/home/ubuntu/.npm/_logs/2025-03-24T10_35_30_600Z-
26 verbose logfile /home/ubuntu/.npm/_logs/2025-03-24T10_35_30_600Z-debug-0.log
27 timing npm:load:logFile Completed in 9ms
28 timing npm:load:timers Completed in 0ms
29 timing npm:load:configScope Completed in 0ms
30 timing npm:load Completed in 44ms
31 timing config:load:flatten Completed in 1ms
32 timing arborist:ctor Completed in 1ms
33 silly logfile done cleaning log files
34 timing idealTree:init Completed in 135ms
35 timing idealTree:userRequests Completed in 2ms
36 silly idealTree buildDeps
37 silly fetch manifest express-basic-auth@*
38 timing arborist:ctor Completed in 1ms
39 http fetch GET 200 https://registry.npmjs.org/express-basic-auth 162ms (cache miss)
40 silly placeDep ROOT express-basic-auth@1.2.1 OK for:  want: *
41 timing idealTree:#root Completed in 178ms
42 timing idealTree:node_modules/express-basic-auth Completed in 0ms
43 timing idealTree:buildDeps Completed in 179ms
44 timing idealTree:fixDepFlags Completed in 1ms
45 timing idealTree Completed in 320ms
46 timing reify:loadTrees Completed in 321ms
47 timing reify:diffTrees Completed in 8ms
48 silly reify moves {}
49 timing reify:retireShallow Completed in 1ms
50 timing reify:createSparse Completed in 3ms
51 timing reify:loadBundles Completed in 0ms
52 silly audit bulk request {
52 silly audit   accepts: [ '1.3.8' ],
52 silly audit   'array-flatten': [ '1.1.1' ],
52 silly audit   'basic-auth': [ '2.0.1' ],
52 silly audit   'body-parser': [ '1.20.3' ],
52 silly audit   bytes: [ '3.1.2' ],
52 silly audit   'call-bind-apply-helpers': [ '1.0.2' ],
52 silly audit   'call-bound': [ '1.0.4' ],
52 silly audit   'content-disposition': [ '0.5.4' ],
52 silly audit   'safe-buffer': [ '5.2.1', '5.1.2' ],
52 silly audit   'content-type': [ '1.0.5' ],
52 silly audit   cookie: [ '0.7.1' ],
52 silly audit   'cookie-signature': [ '1.0.6' ],
52 silly audit   debug: [ '2.6.9' ],
52 silly audit   depd: [ '2.0.0' ],
52 silly audit   destroy: [ '1.2.0' ],
52 silly audit   dotenv: [ '16.4.7' ],
52 silly audit   'dunder-proto': [ '1.0.1' ],
52 silly audit   'ee-first': [ '1.1.1' ],
52 silly audit   encodeurl: [ '2.0.0', '1.0.2' ],
52 silly audit   'es-define-property': [ '1.0.1' ],
52 silly audit   'es-errors': [ '1.3.0' ],
52 silly audit   'es-object-atoms': [ '1.1.1' ],
52 silly audit   'escape-html': [ '1.0.3' ],
52 silly audit   etag: [ '1.8.1' ],
52 silly audit   express: [ '4.21.2' ],
52 silly audit   finalhandler: [ '1.3.1' ],
52 silly audit   forwarded: [ '0.2.0' ],
52 silly audit   fresh: [ '0.5.2' ],
52 silly audit   'function-bind': [ '1.1.2' ],
52 silly audit   'get-intrinsic': [ '1.3.0' ],
52 silly audit   'get-proto': [ '1.0.1' ],
52 silly audit   gopd: [ '1.2.0' ],
52 silly audit   'has-symbols': [ '1.1.0' ],
52 silly audit   hasown: [ '2.0.2' ],
52 silly audit   'http-errors': [ '2.0.0' ],
52 silly audit   'iconv-lite': [ '0.4.24' ],
52 silly audit   inherits: [ '2.0.4' ],
52 silly audit   'ipaddr.js': [ '1.9.1' ],
52 silly audit   'math-intrinsics': [ '1.1.0' ],
52 silly audit   'media-typer': [ '0.3.0' ],
52 silly audit   'merge-descriptors': [ '1.0.3' ],
52 silly audit   methods: [ '1.1.2' ],
52 silly audit   mime: [ '1.6.0' ],
52 silly audit   'mime-db': [ '1.52.0' ],
52 silly audit   'mime-types': [ '2.1.35' ],
52 silly audit   ms: [ '2.0.0', '2.1.3' ],
52 silly audit   negotiator: [ '0.6.3' ],
52 silly audit   'object-inspect': [ '1.13.4' ],
52 silly audit   'on-finished': [ '2.4.1' ],
52 silly audit   parseurl: [ '1.3.3' ],
52 silly audit   'path-to-regexp': [ '0.1.12' ],
52 silly audit   'proxy-addr': [ '2.0.7' ],
52 silly audit   qs: [ '6.13.0' ],
52 silly audit   'range-parser': [ '1.2.1' ],
52 silly audit   'raw-body': [ '2.5.2' ],
52 silly audit   'safer-buffer': [ '2.1.2' ],
52 silly audit   send: [ '0.19.0' ],
52 silly audit   'serve-static': [ '1.16.2' ],
52 silly audit   setprototypeof: [ '1.2.0' ],
52 silly audit   'side-channel': [ '1.1.0' ],
52 silly audit   'side-channel-list': [ '1.0.0' ],
52 silly audit   'side-channel-map': [ '1.0.1' ],
52 silly audit   'side-channel-weakmap': [ '1.0.2' ],
52 silly audit   statuses: [ '2.0.1' ],
52 silly audit   toidentifier: [ '1.0.1' ],
52 silly audit   'type-is': [ '1.6.18' ],
52 silly audit   unpipe: [ '1.0.0' ],
52 silly audit   'utils-merge': [ '1.0.1' ],
52 silly audit   vary: [ '1.1.2' ],
52 silly audit   'express-basic-auth': [ '1.2.1' ]
52 silly audit }
53 silly tarball no local data for express-basic-auth@https://registry.npmjs.org/express-basic-auth/-/express-basic-auth-1.2.1.tgz. Extracting by manifest.
54 http fetch GET 200 https://registry.npmjs.org/express-basic-auth/-/express-basic-auth-1.2.1.tgz 110ms (cache miss)
55 timing reifyNode:node_modules/express-basic-auth Completed in 121ms
56 timing reify:unpack Completed in 122ms
57 timing reify:unretire Completed in 0ms
58 timing build:queue Completed in 1ms
59 timing build:deps Completed in 1ms
60 timing build Completed in 1ms
61 timing reify:build Completed in 4ms
62 timing reify:trash Completed in 0ms
63 timing reify:save Completed in 36ms
64 http fetch POST 200 https://registry.npmjs.org/-/npm/v1/security/advisories/bulk 266ms
65 timing auditReport:getReport Completed in 275ms
66 silly audit report {}
67 timing auditReport:init Completed in 0ms
68 timing reify:audit Completed in 275ms
69 timing reify Completed in 625ms
70 silly ADD node_modules/express-basic-auth
71 timing command:install Completed in 638ms
72 verbose exit 0
73 timing npm Completed in 700ms
74 info ok
