0 verbose cli /usr/bin/node /usr/bin/npm
1 info using npm@9.2.0
2 info using node@v18.19.1
3 timing npm:load:whichnode Completed in 0ms
4 timing config:load:defaults Completed in 2ms
5 timing config:load:file:/usr/share/nodejs/npm/npmrc Completed in 8ms
6 timing config:load:builtin Completed in 8ms
7 timing config:load:cli Completed in 3ms
8 timing config:load:env Completed in 1ms
9 timing config:load:file:/home/ubuntu/dockerized-nodejs-service/.npmrc Completed in 0ms
10 timing config:load:project Completed in 5ms
11 timing config:load:file:/home/ubuntu/.npmrc Completed in 0ms
12 timing config:load:user Completed in 0ms
13 timing config:load:file:/etc/npmrc Completed in 0ms
14 timing config:load:global Completed in 0ms
15 timing config:load:setEnvs Completed in 2ms
16 timing config:load Completed in 22ms
17 timing npm:load:configload Completed in 22ms
18 timing npm:load:mkdirpcache Completed in 2ms
19 timing npm:load:mkdirplogs Completed in 1ms
20 verbose title npm install express basic-auth dotenv
21 verbose argv "install" "express" "basic-auth" "dotenv"
22 timing npm:load:setTitle Completed in 5ms
23 timing config:load:flatten Completed in 7ms
24 timing npm:load:display Completed in 7ms
25 verbose logfile logs-max:10 dir:/home/ubuntu/.npm/_logs/2025-03-24T10_32_12_536Z-
26 verbose logfile /home/ubuntu/.npm/_logs/2025-03-24T10_32_12_536Z-debug-0.log
27 timing npm:load:logFile Completed in 8ms
28 timing npm:load:timers Completed in 0ms
29 timing npm:load:configScope Completed in 0ms
30 timing npm:load Completed in 47ms
31 timing config:load:flatten Completed in 1ms
32 timing arborist:ctor Completed in 2ms
33 silly logfile done cleaning log files
34 timing arborist:ctor Completed in 1ms
35 timing idealTree:init Completed in 36ms
36 timing idealTree:userRequests Completed in 10ms
37 silly idealTree buildDeps
38 silly fetch manifest express@*
39 http fetch GET 200 https://registry.npmjs.org/express 169ms (cache miss)
40 silly fetch manifest basic-auth@*
41 http fetch GET 200 https://registry.npmjs.org/basic-auth 44ms (cache miss)
42 silly fetch manifest dotenv@*
43 http fetch GET 200 https://registry.npmjs.org/dotenv 39ms (cache miss)
44 silly placeDep ROOT basic-auth@2.0.1 OK for:  want: *
45 silly placeDep ROOT dotenv@16.4.7 OK for:  want: *
46 silly placeDep ROOT express@4.21.2 OK for:  want: *
47 silly fetch manifest safe-buffer@5.1.2
48 silly fetch manifest qs@6.13.0
49 silly fetch manifest depd@2.0.0
50 silly fetch manifest etag@~1.8.1
51 silly fetch manifest send@0.19.0
52 silly fetch manifest vary@~1.1.2
53 silly fetch manifest debug@2.6.9
54 silly fetch manifest fresh@0.5.2
55 silly fetch manifest cookie@0.7.1
56 silly fetch manifest accepts@~1.3.8
57 silly fetch manifest methods@~1.1.2
58 silly fetch manifest type-is@~1.6.18
59 silly fetch manifest parseurl@~1.3.3
60 silly fetch manifest statuses@2.0.1
61 silly fetch manifest encodeurl@~2.0.0
62 silly fetch manifest proxy-addr@~2.0.7
63 silly fetch manifest body-parser@1.20.3
64 silly fetch manifest escape-html@~1.0.3
65 silly fetch manifest http-errors@2.0.0
66 silly fetch manifest on-finished@2.4.1
67 silly fetch manifest safe-buffer@5.2.1
68 silly fetch manifest utils-merge@1.0.1
69 silly fetch manifest content-type@~1.0.4
70 silly fetch manifest finalhandler@1.3.1
71 silly fetch manifest range-parser@~1.2.1
72 silly fetch manifest serve-static@1.16.2
73 silly fetch manifest array-flatten@1.1.1
74 silly fetch manifest path-to-regexp@0.1.12
75 silly fetch manifest setprototypeof@1.2.0
76 silly fetch manifest cookie-signature@1.0.6
77 silly fetch manifest merge-descriptors@1.0.3
78 silly fetch manifest content-disposition@0.5.4
79 http fetch GET 200 https://registry.npmjs.org/safe-buffer 338ms (cache miss)
80 http fetch GET 200 https://registry.npmjs.org/methods 335ms (cache miss)
81 http fetch GET 200 https://registry.npmjs.org/proxy-addr 341ms (cache miss)
82 http fetch GET 200 https://registry.npmjs.org/escape-html 350ms (cache miss)
83 http fetch GET 200 https://registry.npmjs.org/encodeurl 353ms (cache miss)
84 http fetch GET 200 https://registry.npmjs.org/safe-buffer 355ms (cache miss)
85 http fetch GET 200 https://registry.npmjs.org/vary 364ms (cache miss)
86 http fetch GET 200 https://registry.npmjs.org/fresh 362ms (cache miss)
87 http fetch GET 200 https://registry.npmjs.org/utils-merge 356ms (cache miss)
88 http fetch GET 200 https://registry.npmjs.org/depd 367ms (cache miss)
89 http fetch GET 200 https://registry.npmjs.org/etag 368ms (cache miss)
90 http fetch GET 200 https://registry.npmjs.org/parseurl 364ms (cache miss)
91 http fetch GET 200 https://registry.npmjs.org/statuses 370ms (cache miss)
92 http fetch GET 200 https://registry.npmjs.org/setprototypeof 357ms (cache miss)
93 http fetch GET 200 https://registry.npmjs.org/on-finished 367ms (cache miss)
94 http fetch GET 200 https://registry.npmjs.org/content-type 367ms (cache miss)
95 http fetch GET 200 https://registry.npmjs.org/content-disposition 357ms (cache miss)
96 http fetch GET 200 https://registry.npmjs.org/merge-descriptors 359ms (cache miss)
97 http fetch GET 200 https://registry.npmjs.org/range-parser 365ms (cache miss)
98 http fetch GET 200 https://registry.npmjs.org/accepts 378ms (cache miss)
99 http fetch GET 200 https://registry.npmjs.org/array-flatten 366ms (cache miss)
100 http fetch GET 200 https://registry.npmjs.org/finalhandler 369ms (cache miss)
101 http fetch GET 200 https://registry.npmjs.org/cookie-signature 366ms (cache miss)
102 http fetch GET 200 https://registry.npmjs.org/cookie 382ms (cache miss)
103 http fetch GET 200 https://registry.npmjs.org/type-is 382ms (cache miss)
104 http fetch GET 200 https://registry.npmjs.org/body-parser 383ms (cache miss)
105 http fetch GET 200 https://registry.npmjs.org/http-errors 383ms (cache miss)
106 http fetch GET 200 https://registry.npmjs.org/send 397ms (cache miss)
107 http fetch GET 200 https://registry.npmjs.org/serve-static 384ms (cache miss)
108 http fetch GET 200 https://registry.npmjs.org/path-to-regexp 385ms (cache miss)
109 http fetch GET 200 https://registry.npmjs.org/debug 408ms (cache miss)
110 http fetch GET 200 https://registry.npmjs.org/qs 415ms (cache miss)
111 timing idealTree:#root Completed in 730ms
112 silly placeDep ROOT safe-buffer@5.1.2 OK for: basic-auth@2.0.1 want: 5.1.2
113 timing idealTree:node_modules/basic-auth Completed in 7ms
114 timing idealTree:node_modules/dotenv Completed in 0ms
115 silly placeDep ROOT accepts@1.3.8 OK for: express@4.21.2 want: ~1.3.8
116 silly placeDep ROOT array-flatten@1.1.1 OK for: express@4.21.2 want: 1.1.1
117 silly placeDep ROOT body-parser@1.20.3 OK for: express@4.21.2 want: 1.20.3
118 silly placeDep ROOT content-disposition@0.5.4 OK for: express@4.21.2 want: 0.5.4
119 silly placeDep ROOT content-type@1.0.5 OK for: express@4.21.2 want: ~1.0.4
120 silly placeDep ROOT cookie@0.7.1 OK for: express@4.21.2 want: 0.7.1
121 silly placeDep ROOT cookie-signature@1.0.6 OK for: express@4.21.2 want: 1.0.6
122 silly placeDep ROOT debug@2.6.9 OK for: express@4.21.2 want: 2.6.9
123 silly placeDep ROOT depd@2.0.0 OK for: express@4.21.2 want: 2.0.0
124 silly placeDep ROOT encodeurl@2.0.0 OK for: express@4.21.2 want: ~2.0.0
125 silly placeDep ROOT escape-html@1.0.3 OK for: express@4.21.2 want: ~1.0.3
126 silly placeDep ROOT etag@1.8.1 OK for: express@4.21.2 want: ~1.8.1
127 silly placeDep ROOT finalhandler@1.3.1 OK for: express@4.21.2 want: 1.3.1
128 silly placeDep ROOT fresh@0.5.2 OK for: express@4.21.2 want: 0.5.2
129 silly placeDep ROOT http-errors@2.0.0 OK for: express@4.21.2 want: 2.0.0
130 silly placeDep ROOT merge-descriptors@1.0.3 OK for: express@4.21.2 want: 1.0.3
131 silly placeDep ROOT methods@1.1.2 OK for: express@4.21.2 want: ~1.1.2
132 silly placeDep ROOT on-finished@2.4.1 OK for: express@4.21.2 want: 2.4.1
133 silly placeDep ROOT parseurl@1.3.3 OK for: express@4.21.2 want: ~1.3.3
134 silly placeDep ROOT path-to-regexp@0.1.12 OK for: express@4.21.2 want: 0.1.12
135 silly placeDep ROOT proxy-addr@2.0.7 OK for: express@4.21.2 want: ~2.0.7
136 silly placeDep ROOT qs@6.13.0 OK for: express@4.21.2 want: 6.13.0
137 silly placeDep ROOT range-parser@1.2.1 OK for: express@4.21.2 want: ~1.2.1
138 silly placeDep node_modules/express safe-buffer@5.2.1 OK for: express@4.21.2 want: 5.2.1
139 silly placeDep ROOT send@0.19.0 OK for: express@4.21.2 want: 0.19.0
140 silly placeDep ROOT serve-static@1.16.2 OK for: express@4.21.2 want: 1.16.2
141 silly placeDep ROOT setprototypeof@1.2.0 OK for: express@4.21.2 want: 1.2.0
142 silly placeDep ROOT statuses@2.0.1 OK for: express@4.21.2 want: 2.0.1
143 silly placeDep ROOT type-is@1.6.18 OK for: express@4.21.2 want: ~1.6.18
144 silly placeDep ROOT utils-merge@1.0.1 OK for: express@4.21.2 want: 1.0.1
145 silly placeDep ROOT vary@1.1.2 OK for: express@4.21.2 want: ~1.1.2
146 silly fetch manifest mime-types@~2.1.34
147 silly fetch manifest negotiator@0.6.3
148 silly fetch manifest bytes@3.1.2
149 silly fetch manifest unpipe@1.0.0
150 silly fetch manifest destroy@1.2.0
151 silly fetch manifest raw-body@2.5.2
152 silly fetch manifest iconv-lite@0.4.24
153 silly fetch manifest ms@2.0.0
154 silly fetch manifest unpipe@~1.0.0
155 silly fetch manifest inherits@2.0.4
156 silly fetch manifest toidentifier@1.0.1
157 silly fetch manifest ee-first@1.1.1
158 silly fetch manifest forwarded@0.2.0
159 silly fetch manifest ipaddr.js@1.9.1
160 silly fetch manifest side-channel@^1.0.6
161 silly fetch manifest ms@2.1.3
162 silly fetch manifest mime@1.6.0
163 silly fetch manifest encodeurl@~1.0.2
164 silly fetch manifest mime-types@~2.1.24
165 silly fetch manifest media-typer@0.3.0
166 http fetch GET 200 https://registry.npmjs.org/ee-first 227ms (cache miss)
167 http fetch GET 200 https://registry.npmjs.org/unpipe 244ms (cache miss)
168 http fetch GET 200 https://registry.npmjs.org/inherits 237ms (cache miss)
169 http fetch GET 200 https://registry.npmjs.org/side-channel 237ms (cache miss)
170 http fetch GET 200 https://registry.npmjs.org/toidentifier 240ms (cache miss)
171 http fetch GET 200 https://registry.npmjs.org/unpipe 244ms (cache miss)
172 http fetch GET 200 https://registry.npmjs.org/destroy 248ms (cache miss)
173 http fetch GET 200 https://registry.npmjs.org/bytes 249ms (cache miss)
174 http fetch GET 200 https://registry.npmjs.org/negotiator 255ms (cache miss)
175 http fetch GET 200 https://registry.npmjs.org/forwarded 252ms (cache miss)
176 http fetch GET 200 https://registry.npmjs.org/media-typer 248ms (cache miss)
177 http fetch GET 200 https://registry.npmjs.org/ms 261ms (cache miss)
178 http fetch GET 200 https://registry.npmjs.org/ipaddr.js 257ms (cache miss)
179 http fetch GET 200 https://registry.npmjs.org/ms 256ms (cache miss)
180 http fetch GET 200 https://registry.npmjs.org/iconv-lite 268ms (cache miss)
181 http fetch GET 200 https://registry.npmjs.org/raw-body 269ms (cache miss)
182 http fetch GET 200 https://registry.npmjs.org/mime 261ms (cache miss)
183 http fetch GET 200 https://registry.npmjs.org/mime-types 279ms (cache miss)
184 http fetch GET 200 https://registry.npmjs.org/mime-types 261ms (cache miss)
185 timing idealTree:node_modules/express Completed in 372ms
186 silly placeDep ROOT mime-types@2.1.35 OK for: accepts@1.3.8 want: ~2.1.34
187 silly placeDep ROOT negotiator@0.6.3 OK for: accepts@1.3.8 want: 0.6.3
188 silly fetch manifest mime-db@1.52.0
189 http fetch GET 200 https://registry.npmjs.org/mime-db 31ms (cache miss)
190 timing idealTree:node_modules/accepts Completed in 41ms
191 timing idealTree:node_modules/array-flatten Completed in 0ms
192 silly placeDep ROOT bytes@3.1.2 OK for: body-parser@1.20.3 want: 3.1.2
193 silly placeDep ROOT destroy@1.2.0 OK for: body-parser@1.20.3 want: 1.2.0
194 silly placeDep ROOT iconv-lite@0.4.24 OK for: body-parser@1.20.3 want: 0.4.24
195 silly placeDep ROOT raw-body@2.5.2 OK for: body-parser@1.20.3 want: 2.5.2
196 silly placeDep ROOT unpipe@1.0.0 OK for: body-parser@1.20.3 want: 1.0.0
197 silly fetch manifest safer-buffer@>= 2.1.2 < 3
198 http fetch GET 200 https://registry.npmjs.org/safer-buffer 28ms (cache miss)
199 timing idealTree:node_modules/body-parser Completed in 41ms
200 timing idealTree:node_modules/bytes Completed in 0ms
201 silly placeDep node_modules/content-disposition safe-buffer@5.2.1 OK for: content-disposition@0.5.4 want: 5.2.1
202 timing idealTree:node_modules/content-disposition Completed in 3ms
203 timing idealTree:node_modules/content-type Completed in 0ms
204 timing idealTree:node_modules/cookie Completed in 0ms
205 timing idealTree:node_modules/cookie-signature Completed in 0ms
206 silly placeDep ROOT ms@2.0.0 OK for: debug@2.6.9 want: 2.0.0
207 timing idealTree:node_modules/debug Completed in 3ms
208 timing idealTree:node_modules/depd Completed in 0ms
209 timing idealTree:node_modules/destroy Completed in 0ms
210 timing idealTree:node_modules/encodeurl Completed in 0ms
211 timing idealTree:node_modules/escape-html Completed in 0ms
212 timing idealTree:node_modules/etag Completed in 0ms
213 timing idealTree:node_modules/finalhandler Completed in 2ms
214 timing idealTree:node_modules/fresh Completed in 0ms
215 silly placeDep ROOT inherits@2.0.4 OK for: http-errors@2.0.0 want: 2.0.4
216 silly placeDep ROOT toidentifier@1.0.1 OK for: http-errors@2.0.0 want: 1.0.1
217 timing idealTree:node_modules/http-errors Completed in 3ms
218 silly placeDep ROOT safer-buffer@2.1.2 OK for: iconv-lite@0.4.24 want: >= 2.1.2 < 3
219 timing idealTree:node_modules/iconv-lite Completed in 0ms
220 timing idealTree:node_modules/inherits Completed in 0ms
221 timing idealTree:node_modules/merge-descriptors Completed in 0ms
222 timing idealTree:node_modules/methods Completed in 0ms
223 silly placeDep ROOT mime-db@1.52.0 OK for: mime-types@2.1.35 want: 1.52.0
224 timing idealTree:node_modules/mime-types Completed in 0ms
225 timing idealTree:node_modules/mime-db Completed in 0ms
226 timing idealTree:node_modules/ms Completed in 0ms
227 timing idealTree:node_modules/negotiator Completed in 0ms
228 silly placeDep ROOT ee-first@1.1.1 OK for: on-finished@2.4.1 want: 1.1.1
229 timing idealTree:node_modules/on-finished Completed in 3ms
230 timing idealTree:node_modules/ee-first Completed in 0ms
231 timing idealTree:node_modules/parseurl Completed in 0ms
232 timing idealTree:node_modules/path-to-regexp Completed in 0ms
233 silly placeDep ROOT forwarded@0.2.0 OK for: proxy-addr@2.0.7 want: 0.2.0
234 silly placeDep ROOT ipaddr.js@1.9.1 OK for: proxy-addr@2.0.7 want: 1.9.1
235 timing idealTree:node_modules/proxy-addr Completed in 5ms
236 timing idealTree:node_modules/forwarded Completed in 0ms
237 timing idealTree:node_modules/ipaddr.js Completed in 0ms
238 silly placeDep ROOT side-channel@1.1.0 OK for: qs@6.13.0 want: ^1.0.6
239 silly fetch manifest es-errors@^1.3.0
240 silly fetch manifest object-inspect@^1.13.3
241 silly fetch manifest side-channel-list@^1.0.0
242 silly fetch manifest side-channel-map@^1.0.1
243 silly fetch manifest side-channel-weakmap@^1.0.2
244 http fetch GET 200 https://registry.npmjs.org/es-errors 53ms (cache miss)
245 http fetch GET 200 https://registry.npmjs.org/side-channel-list 52ms (cache miss)
246 http fetch GET 200 https://registry.npmjs.org/side-channel-map 58ms (cache miss)
247 http fetch GET 200 https://registry.npmjs.org/side-channel-weakmap 54ms (cache miss)
248 http fetch GET 200 https://registry.npmjs.org/object-inspect 63ms (cache miss)
249 timing idealTree:node_modules/qs Completed in 70ms
250 timing idealTree:node_modules/range-parser Completed in 0ms
251 timing idealTree:node_modules/raw-body Completed in 0ms
252 timing idealTree:node_modules/safe-buffer Completed in 0ms
253 timing idealTree:node_modules/safer-buffer Completed in 0ms
254 silly placeDep node_modules/send encodeurl@1.0.2 OK for: send@0.19.0 want: ~1.0.2
255 silly placeDep ROOT mime@1.6.0 OK for: send@0.19.0 want: 1.6.0
256 silly placeDep node_modules/send ms@2.1.3 OK for: send@0.19.0 want: 2.1.3
257 timing idealTree:node_modules/send Completed in 9ms
258 timing idealTree:node_modules/mime Completed in 0ms
259 timing idealTree:node_modules/serve-static Completed in 0ms
260 timing idealTree:node_modules/setprototypeof Completed in 0ms
261 silly placeDep ROOT es-errors@1.3.0 OK for: side-channel@1.1.0 want: ^1.3.0
262 silly placeDep ROOT object-inspect@1.13.4 OK for: side-channel@1.1.0 want: ^1.13.3
263 silly placeDep ROOT side-channel-list@1.0.0 OK for: side-channel@1.1.0 want: ^1.0.0
264 silly placeDep ROOT side-channel-map@1.0.1 OK for: side-channel@1.1.0 want: ^1.0.1
265 silly placeDep ROOT side-channel-weakmap@1.0.2 OK for: side-channel@1.1.0 want: ^1.0.2
266 silly fetch manifest call-bound@^1.0.2
267 silly fetch manifest get-intrinsic@^1.2.5
268 http fetch GET 200 https://registry.npmjs.org/call-bound 43ms (cache miss)
269 http fetch GET 200 https://registry.npmjs.org/get-intrinsic 41ms (cache miss)
270 timing idealTree:node_modules/side-channel Completed in 56ms
271 timing idealTree:node_modules/es-errors Completed in 0ms
272 timing idealTree:node_modules/object-inspect Completed in 0ms
273 timing idealTree:node_modules/side-channel-list Completed in 0ms
274 silly placeDep ROOT call-bound@1.0.4 OK for: side-channel-map@1.0.1 want: ^1.0.2
275 silly placeDep ROOT get-intrinsic@1.3.0 OK for: side-channel-map@1.0.1 want: ^1.2.5
276 silly fetch manifest call-bind-apply-helpers@^1.0.2
277 silly fetch manifest es-define-property@^1.0.1
278 silly fetch manifest es-object-atoms@^1.1.1
279 silly fetch manifest function-bind@^1.1.2
280 silly fetch manifest get-proto@^1.0.1
281 silly fetch manifest gopd@^1.2.0
282 silly fetch manifest has-symbols@^1.1.0
283 silly fetch manifest hasown@^2.0.2
284 silly fetch manifest math-intrinsics@^1.1.0
285 http fetch GET 200 https://registry.npmjs.org/es-define-property 97ms (cache miss)
286 http fetch GET 200 https://registry.npmjs.org/es-object-atoms 95ms (cache miss)
287 http fetch GET 200 https://registry.npmjs.org/gopd 92ms (cache miss)
288 http fetch GET 200 https://registry.npmjs.org/get-proto 94ms (cache miss)
289 http fetch GET 200 https://registry.npmjs.org/call-bind-apply-helpers 102ms (cache miss)
290 http fetch GET 200 https://registry.npmjs.org/hasown 94ms (cache miss)
291 http fetch GET 200 https://registry.npmjs.org/function-bind 100ms (cache miss)
292 http fetch GET 200 https://registry.npmjs.org/math-intrinsics 94ms (cache miss)
293 http fetch GET 200 https://registry.npmjs.org/has-symbols 96ms (cache miss)
294 timing idealTree:node_modules/side-channel-map Completed in 111ms
295 silly placeDep ROOT call-bind-apply-helpers@1.0.2 OK for: call-bound@1.0.4 want: ^1.0.2
296 timing idealTree:node_modules/call-bound Completed in 2ms
297 silly placeDep ROOT function-bind@1.1.2 OK for: call-bind-apply-helpers@1.0.2 want: ^1.1.2
298 timing idealTree:node_modules/call-bind-apply-helpers Completed in 1ms
299 timing idealTree:node_modules/function-bind Completed in 0ms
300 silly placeDep ROOT es-define-property@1.0.1 OK for: get-intrinsic@1.3.0 want: ^1.0.1
301 silly placeDep ROOT es-object-atoms@1.1.1 OK for: get-intrinsic@1.3.0 want: ^1.1.1
302 silly placeDep ROOT get-proto@1.0.1 OK for: get-intrinsic@1.3.0 want: ^1.0.1
303 silly placeDep ROOT gopd@1.2.0 OK for: get-intrinsic@1.3.0 want: ^1.2.0
304 silly placeDep ROOT has-symbols@1.1.0 OK for: get-intrinsic@1.3.0 want: ^1.1.0
305 silly placeDep ROOT hasown@2.0.2 OK for: get-intrinsic@1.3.0 want: ^2.0.2
306 silly placeDep ROOT math-intrinsics@1.1.0 OK for: get-intrinsic@1.3.0 want: ^1.1.0
307 silly fetch manifest dunder-proto@^1.0.1
308 http fetch GET 200 https://registry.npmjs.org/dunder-proto 26ms (cache miss)
309 timing idealTree:node_modules/get-intrinsic Completed in 46ms
310 timing idealTree:node_modules/es-define-property Completed in 0ms
311 timing idealTree:node_modules/es-object-atoms Completed in 0ms
312 silly placeDep ROOT dunder-proto@1.0.1 OK for: get-proto@1.0.1 want: ^1.0.1
313 timing idealTree:node_modules/get-proto Completed in 3ms
314 timing idealTree:node_modules/dunder-proto Completed in 0ms
315 timing idealTree:node_modules/gopd Completed in 0ms
316 timing idealTree:node_modules/has-symbols Completed in 0ms
317 timing idealTree:node_modules/hasown Completed in 0ms
318 timing idealTree:node_modules/math-intrinsics Completed in 0ms
319 timing idealTree:node_modules/side-channel-weakmap Completed in 0ms
320 timing idealTree:node_modules/statuses Completed in 0ms
321 timing idealTree:node_modules/toidentifier Completed in 0ms
322 silly placeDep ROOT media-typer@0.3.0 OK for: type-is@1.6.18 want: 0.3.0
323 timing idealTree:node_modules/type-is Completed in 2ms
324 timing idealTree:node_modules/media-typer Completed in 0ms
325 timing idealTree:node_modules/unpipe Completed in 0ms
326 timing idealTree:node_modules/utils-merge Completed in 0ms
327 timing idealTree:node_modules/vary Completed in 0ms
328 timing idealTree:node_modules/content-disposition/node_modules/safe-buffer Completed in 0ms
329 timing idealTree:node_modules/express/node_modules/safe-buffer Completed in 0ms
330 timing idealTree:node_modules/send/node_modules/encodeurl Completed in 0ms
331 timing idealTree:node_modules/send/node_modules/ms Completed in 0ms
332 timing idealTree:buildDeps Completed in 1520ms
333 timing idealTree:fixDepFlags Completed in 4ms
334 timing idealTree Completed in 1574ms
335 timing reify:loadTrees Completed in 1575ms
336 timing reify:diffTrees Completed in 6ms
337 silly reify moves {}
338 timing reify:retireShallow Completed in 3ms
339 timing reify:createSparse Completed in 12ms
340 timing reify:loadBundles Completed in 0ms
341 silly tarball no local data for debug@https://registry.npmjs.org/debug/-/debug-2.6.9.tgz. Extracting by manifest.
342 silly tarball no local data for cookie-signature@https://registry.npmjs.org/cookie-signature/-/cookie-signature-1.0.6.tgz. Extracting by manifest.
343 silly tarball no local data for cookie@https://registry.npmjs.org/cookie/-/cookie-0.7.1.tgz. Extracting by manifest.
344 silly tarball no local data for content-type@https://registry.npmjs.org/content-type/-/content-type-1.0.5.tgz. Extracting by manifest.
345 silly tarball no local data for content-disposition@https://registry.npmjs.org/content-disposition/-/content-disposition-0.5.4.tgz. Extracting by manifest.
346 silly tarball no local data for body-parser@https://registry.npmjs.org/body-parser/-/body-parser-1.20.3.tgz. Extracting by manifest.
347 silly tarball no local data for media-typer@https://registry.npmjs.org/media-typer/-/media-typer-0.3.0.tgz. Extracting by manifest.
348 silly tarball no local data for dunder-proto@https://registry.npmjs.org/dunder-proto/-/dunder-proto-1.0.1.tgz. Extracting by manifest.
349 silly tarball no local data for math-intrinsics@https://registry.npmjs.org/math-intrinsics/-/math-intrinsics-1.1.0.tgz. Extracting by manifest.
350 silly tarball no local data for hasown@https://registry.npmjs.org/hasown/-/hasown-2.0.2.tgz. Extracting by manifest.
351 silly tarball no local data for has-symbols@https://registry.npmjs.org/has-symbols/-/has-symbols-1.1.0.tgz. Extracting by manifest.
352 silly tarball no local data for gopd@https://registry.npmjs.org/gopd/-/gopd-1.2.0.tgz. Extracting by manifest.
353 silly tarball no local data for get-proto@https://registry.npmjs.org/get-proto/-/get-proto-1.0.1.tgz. Extracting by manifest.
354 silly tarball no local data for es-object-atoms@https://registry.npmjs.org/es-object-atoms/-/es-object-atoms-1.1.1.tgz. Extracting by manifest.
355 silly tarball no local data for es-define-property@https://registry.npmjs.org/es-define-property/-/es-define-property-1.0.1.tgz. Extracting by manifest.
356 silly tarball no local data for function-bind@https://registry.npmjs.org/function-bind/-/function-bind-1.1.2.tgz. Extracting by manifest.
357 silly tarball no local data for call-bind-apply-helpers@https://registry.npmjs.org/call-bind-apply-helpers/-/call-bind-apply-helpers-1.0.2.tgz. Extracting by manifest.
358 silly tarball no local data for get-intrinsic@https://registry.npmjs.org/get-intrinsic/-/get-intrinsic-1.3.0.tgz. Extracting by manifest.
359 silly tarball no local data for call-bound@https://registry.npmjs.org/call-bound/-/call-bound-1.0.4.tgz. Extracting by manifest.
360 silly tarball no local data for side-channel-weakmap@https://registry.npmjs.org/side-channel-weakmap/-/side-channel-weakmap-1.0.2.tgz. Extracting by manifest.
361 silly tarball no local data for side-channel-map@https://registry.npmjs.org/side-channel-map/-/side-channel-map-1.0.1.tgz. Extracting by manifest.
362 silly tarball no local data for side-channel-list@https://registry.npmjs.org/side-channel-list/-/side-channel-list-1.0.0.tgz. Extracting by manifest.
363 silly tarball no local data for object-inspect@https://registry.npmjs.org/object-inspect/-/object-inspect-1.13.4.tgz. Extracting by manifest.
364 silly tarball no local data for es-errors@https://registry.npmjs.org/es-errors/-/es-errors-1.3.0.tgz. Extracting by manifest.
365 silly tarball no local data for mime@https://registry.npmjs.org/mime/-/mime-1.6.0.tgz. Extracting by manifest.
366 silly tarball no local data for side-channel@https://registry.npmjs.org/side-channel/-/side-channel-1.1.0.tgz. Extracting by manifest.
367 silly tarball no local data for ipaddr.js@https://registry.npmjs.org/ipaddr.js/-/ipaddr.js-1.9.1.tgz. Extracting by manifest.
368 silly tarball no local data for forwarded@https://registry.npmjs.org/forwarded/-/forwarded-0.2.0.tgz. Extracting by manifest.
369 silly tarball no local data for ee-first@https://registry.npmjs.org/ee-first/-/ee-first-1.1.1.tgz. Extracting by manifest.
370 silly tarball no local data for mime-db@https://registry.npmjs.org/mime-db/-/mime-db-1.52.0.tgz. Extracting by manifest.
371 silly tarball no local data for safer-buffer@https://registry.npmjs.org/safer-buffer/-/safer-buffer-2.1.2.tgz. Extracting by manifest.
372 silly tarball no local data for toidentifier@https://registry.npmjs.org/toidentifier/-/toidentifier-1.0.1.tgz. Extracting by manifest.
373 silly tarball no local data for inherits@https://registry.npmjs.org/inherits/-/inherits-2.0.4.tgz. Extracting by manifest.
374 silly tarball no local data for ms@https://registry.npmjs.org/ms/-/ms-2.0.0.tgz. Extracting by manifest.
375 silly tarball no local data for unpipe@https://registry.npmjs.org/unpipe/-/unpipe-1.0.0.tgz. Extracting by manifest.
376 silly tarball no local data for raw-body@https://registry.npmjs.org/raw-body/-/raw-body-2.5.2.tgz. Extracting by manifest.
377 silly tarball no local data for iconv-lite@https://registry.npmjs.org/iconv-lite/-/iconv-lite-0.4.24.tgz. Extracting by manifest.
378 silly tarball no local data for destroy@https://registry.npmjs.org/destroy/-/destroy-1.2.0.tgz. Extracting by manifest.
379 silly tarball no local data for bytes@https://registry.npmjs.org/bytes/-/bytes-3.1.2.tgz. Extracting by manifest.
380 silly tarball no local data for negotiator@https://registry.npmjs.org/negotiator/-/negotiator-0.6.3.tgz. Extracting by manifest.
381 silly tarball no local data for mime-types@https://registry.npmjs.org/mime-types/-/mime-types-2.1.35.tgz. Extracting by manifest.
382 silly tarball no local data for vary@https://registry.npmjs.org/vary/-/vary-1.1.2.tgz. Extracting by manifest.
383 silly tarball no local data for utils-merge@https://registry.npmjs.org/utils-merge/-/utils-merge-1.0.1.tgz. Extracting by manifest.
384 silly tarball no local data for type-is@https://registry.npmjs.org/type-is/-/type-is-1.6.18.tgz. Extracting by manifest.
385 silly tarball no local data for statuses@https://registry.npmjs.org/statuses/-/statuses-2.0.1.tgz. Extracting by manifest.
386 silly tarball no local data for setprototypeof@https://registry.npmjs.org/setprototypeof/-/setprototypeof-1.2.0.tgz. Extracting by manifest.
387 silly tarball no local data for serve-static@https://registry.npmjs.org/serve-static/-/serve-static-1.16.2.tgz. Extracting by manifest.
388 silly tarball no local data for send@https://registry.npmjs.org/send/-/send-0.19.0.tgz. Extracting by manifest.
389 silly tarball no local data for range-parser@https://registry.npmjs.org/range-parser/-/range-parser-1.2.1.tgz. Extracting by manifest.
390 silly tarball no local data for qs@https://registry.npmjs.org/qs/-/qs-6.13.0.tgz. Extracting by manifest.
391 silly tarball no local data for proxy-addr@https://registry.npmjs.org/proxy-addr/-/proxy-addr-2.0.7.tgz. Extracting by manifest.
392 silly tarball no local data for path-to-regexp@https://registry.npmjs.org/path-to-regexp/-/path-to-regexp-0.1.12.tgz. Extracting by manifest.
393 silly tarball no local data for parseurl@https://registry.npmjs.org/parseurl/-/parseurl-1.3.3.tgz. Extracting by manifest.
394 silly tarball no local data for on-finished@https://registry.npmjs.org/on-finished/-/on-finished-2.4.1.tgz. Extracting by manifest.
395 silly tarball no local data for methods@https://registry.npmjs.org/methods/-/methods-1.1.2.tgz. Extracting by manifest.
396 silly tarball no local data for merge-descriptors@https://registry.npmjs.org/merge-descriptors/-/merge-descriptors-1.0.3.tgz. Extracting by manifest.
397 silly tarball no local data for http-errors@https://registry.npmjs.org/http-errors/-/http-errors-2.0.0.tgz. Extracting by manifest.
398 silly tarball no local data for fresh@https://registry.npmjs.org/fresh/-/fresh-0.5.2.tgz. Extracting by manifest.
399 silly tarball no local data for finalhandler@https://registry.npmjs.org/finalhandler/-/finalhandler-1.3.1.tgz. Extracting by manifest.
400 silly tarball no local data for etag@https://registry.npmjs.org/etag/-/etag-1.8.1.tgz. Extracting by manifest.
401 silly tarball no local data for escape-html@https://registry.npmjs.org/escape-html/-/escape-html-1.0.3.tgz. Extracting by manifest.
402 silly tarball no local data for encodeurl@https://registry.npmjs.org/encodeurl/-/encodeurl-2.0.0.tgz. Extracting by manifest.
403 silly tarball no local data for depd@https://registry.npmjs.org/depd/-/depd-2.0.0.tgz. Extracting by manifest.
404 silly tarball no local data for ms@https://registry.npmjs.org/ms/-/ms-2.1.3.tgz. Extracting by manifest.
405 silly tarball no local data for encodeurl@https://registry.npmjs.org/encodeurl/-/encodeurl-1.0.2.tgz. Extracting by manifest.
406 silly tarball no local data for safe-buffer@https://registry.npmjs.org/safe-buffer/-/safe-buffer-5.2.1.tgz. Extracting by manifest.
407 silly tarball no local data for safe-buffer@https://registry.npmjs.org/safe-buffer/-/safe-buffer-5.2.1.tgz. Extracting by manifest.
408 silly tarball no local data for array-flatten@https://registry.npmjs.org/array-flatten/-/array-flatten-1.1.1.tgz. Extracting by manifest.
409 silly tarball no local data for accepts@https://registry.npmjs.org/accepts/-/accepts-1.3.8.tgz. Extracting by manifest.
410 silly tarball no local data for safe-buffer@https://registry.npmjs.org/safe-buffer/-/safe-buffer-5.1.2.tgz. Extracting by manifest.
411 silly tarball no local data for express@https://registry.npmjs.org/express/-/express-4.21.2.tgz. Extracting by manifest.
412 silly tarball no local data for dotenv@https://registry.npmjs.org/dotenv/-/dotenv-16.4.7.tgz. Extracting by manifest.
413 silly tarball no local data for basic-auth@https://registry.npmjs.org/basic-auth/-/basic-auth-2.0.1.tgz. Extracting by manifest.
414 http fetch GET 200 https://registry.npmjs.org/body-parser/-/body-parser-1.20.3.tgz 1139ms (cache miss)
415 http fetch GET 200 https://registry.npmjs.org/media-typer/-/media-typer-0.3.0.tgz 1208ms (cache miss)
416 timing reifyNode:node_modules/media-typer Completed in 1303ms
417 http fetch GET 200 https://registry.npmjs.org/toidentifier/-/toidentifier-1.0.1.tgz 1094ms (cache miss)
418 timing reifyNode:node_modules/toidentifier Completed in 1309ms
419 http fetch GET 200 https://registry.npmjs.org/ee-first/-/ee-first-1.1.1.tgz 1104ms (cache miss)
420 timing reifyNode:node_modules/ee-first Completed in 1314ms
421 http fetch GET 200 https://registry.npmjs.org/cookie-signature/-/cookie-signature-1.0.6.tgz 1241ms (cache miss)
422 timing reifyNode:node_modules/cookie-signature Completed in 1315ms
423 http fetch GET 200 https://registry.npmjs.org/content-type/-/content-type-1.0.5.tgz 1237ms (cache miss)
424 timing reifyNode:node_modules/content-type Completed in 1316ms
425 http fetch GET 200 https://registry.npmjs.org/call-bound/-/call-bound-1.0.4.tgz 1191ms (cache miss)
426 http fetch GET 200 https://registry.npmjs.org/safe-buffer/-/safe-buffer-5.2.1.tgz 961ms (cache miss)
427 http fetch GET 200 https://registry.npmjs.org/bytes/-/bytes-3.1.2.tgz 1092ms (cache miss)
428 timing reifyNode:node_modules/bytes Completed in 1330ms
429 http fetch GET 200 https://registry.npmjs.org/on-finished/-/on-finished-2.4.1.tgz 1060ms (cache miss)
430 timing reifyNode:node_modules/on-finished Completed in 1329ms
431 http fetch GET 200 https://registry.npmjs.org/http-errors/-/http-errors-2.0.0.tgz 1053ms (cache miss)
432 timing reifyNode:node_modules/http-errors Completed in 1332ms
433 http fetch GET 200 https://registry.npmjs.org/cookie/-/cookie-0.7.1.tgz 1257ms (cache miss)
434 timing reifyNode:node_modules/cookie Completed in 1334ms
435 http fetch GET 200 https://registry.npmjs.org/gopd/-/gopd-1.2.0.tgz 1233ms (cache miss)
436 http fetch GET 200 https://registry.npmjs.org/side-channel-map/-/side-channel-map-1.0.1.tgz 1203ms (cache miss)
437 http fetch GET 200 https://registry.npmjs.org/safer-buffer/-/safer-buffer-2.1.2.tgz 1134ms (cache miss)
438 http fetch GET 200 https://registry.npmjs.org/inherits/-/inherits-2.0.4.tgz 1131ms (cache miss)
439 timing reifyNode:node_modules/inherits Completed in 1349ms
440 http fetch GET 200 https://registry.npmjs.org/ms/-/ms-2.0.0.tgz 1128ms (cache miss)
441 timing reifyNode:node_modules/ms Completed in 1350ms
442 http fetch GET 200 https://registry.npmjs.org/unpipe/-/unpipe-1.0.0.tgz 1128ms (cache miss)
443 timing reifyNode:node_modules/unpipe Completed in 1350ms
444 timing reifyNode:node_modules/express/node_modules/safe-buffer Completed in 1349ms
445 http fetch GET 200 https://registry.npmjs.org/vary/-/vary-1.1.2.tgz 1110ms (cache miss)
446 timing reifyNode:node_modules/vary Completed in 1351ms
447 http fetch GET 200 https://registry.npmjs.org/type-is/-/type-is-1.6.18.tgz 1103ms (cache miss)
448 timing reifyNode:node_modules/type-is Completed in 1353ms
449 http fetch GET 200 https://registry.npmjs.org/methods/-/methods-1.1.2.tgz 1082ms (cache miss)
450 timing reifyNode:node_modules/methods Completed in 1353ms
451 http fetch GET 200 https://registry.npmjs.org/merge-descriptors/-/merge-descriptors-1.0.3.tgz 1082ms (cache miss)
452 timing reifyNode:node_modules/merge-descriptors Completed in 1354ms
453 http fetch GET 200 https://registry.npmjs.org/content-disposition/-/content-disposition-0.5.4.tgz 1274ms (cache miss)
454 timing reifyNode:node_modules/content-disposition Completed in 1354ms
455 http fetch GET 200 https://registry.npmjs.org/dunder-proto/-/dunder-proto-1.0.1.tgz 1266ms (cache miss)
456 http fetch GET 200 https://registry.npmjs.org/side-channel-weakmap/-/side-channel-weakmap-1.0.2.tgz 1235ms (cache miss)
457 http fetch GET 200 https://registry.npmjs.org/hasown/-/hasown-2.0.2.tgz 1280ms (cache miss)
458 http fetch GET 200 https://registry.npmjs.org/es-define-property/-/es-define-property-1.0.1.tgz 1262ms (cache miss)
459 timing reifyNode:node_modules/call-bound Completed in 1379ms
460 timing reifyNode:node_modules/safer-buffer Completed in 1379ms
461 http fetch GET 200 https://registry.npmjs.org/forwarded/-/forwarded-0.2.0.tgz 1178ms (cache miss)
462 timing reifyNode:node_modules/forwarded Completed in 1385ms
463 http fetch GET 200 https://registry.npmjs.org/ms/-/ms-2.1.3.tgz 1066ms (cache miss)
464 timing reifyNode:node_modules/send/node_modules/ms Completed in 1380ms
465 http fetch GET 200 https://registry.npmjs.org/encodeurl/-/encodeurl-2.0.0.tgz 1085ms (cache miss)
466 timing reifyNode:node_modules/encodeurl Completed in 1381ms
467 http fetch GET 200 https://registry.npmjs.org/utils-merge/-/utils-merge-1.0.1.tgz 1140ms (cache miss)
468 timing reifyNode:node_modules/utils-merge Completed in 1382ms
469 http fetch GET 200 https://registry.npmjs.org/statuses/-/statuses-2.0.1.tgz 1133ms (cache miss)
470 timing reifyNode:node_modules/statuses Completed in 1382ms
471 http fetch GET 200 https://registry.npmjs.org/setprototypeof/-/setprototypeof-1.2.0.tgz 1131ms (cache miss)
472 timing reifyNode:node_modules/setprototypeof Completed in 1384ms
473 http fetch GET 200 https://registry.npmjs.org/serve-static/-/serve-static-1.16.2.tgz 1127ms (cache miss)
474 timing reifyNode:node_modules/serve-static Completed in 1383ms
475 http fetch GET 200 https://registry.npmjs.org/destroy/-/destroy-1.2.0.tgz 1150ms (cache miss)
476 timing reifyNode:node_modules/destroy Completed in 1387ms
477 timing reifyNode:node_modules/hasown Completed in 1393ms
478 http fetch GET 200 https://registry.npmjs.org/get-intrinsic/-/get-intrinsic-1.3.0.tgz 1267ms (cache miss)
479 http fetch GET 200 https://registry.npmjs.org/side-channel-list/-/side-channel-list-1.0.0.tgz 1248ms (cache miss)
480 timing reifyNode:node_modules/side-channel-map Completed in 1397ms
481 http fetch GET 200 https://registry.npmjs.org/raw-body/-/raw-body-2.5.2.tgz 1167ms (cache miss)
482 timing reifyNode:node_modules/raw-body Completed in 1397ms
483 http fetch GET 200 https://registry.npmjs.org/fresh/-/fresh-0.5.2.tgz 1114ms (cache miss)
484 timing reifyNode:node_modules/fresh Completed in 1393ms
485 http fetch GET 200 https://registry.npmjs.org/etag/-/etag-1.8.1.tgz 1109ms (cache miss)
486 timing reifyNode:node_modules/etag Completed in 1395ms
487 http fetch GET 200 https://registry.npmjs.org/get-proto/-/get-proto-1.0.1.tgz 1292ms (cache miss)
488 timing reifyNode:node_modules/gopd Completed in 1406ms
489 http fetch GET 200 https://registry.npmjs.org/safe-buffer/-/safe-buffer-5.2.1.tgz 1058ms (cache miss)
490 timing reifyNode:node_modules/content-disposition/node_modules/safe-buffer Completed in 1402ms
491 http fetch GET 200 https://registry.npmjs.org/encodeurl/-/encodeurl-1.0.2.tgz 1076ms (cache miss)
492 timing reifyNode:node_modules/send/node_modules/encodeurl Completed in 1408ms
493 http fetch GET 200 https://registry.npmjs.org/parseurl/-/parseurl-1.3.3.tgz 1141ms (cache miss)
494 timing reifyNode:node_modules/parseurl Completed in 1408ms
495 http fetch GET 200 https://registry.npmjs.org/proxy-addr/-/proxy-addr-2.0.7.tgz 1146ms (cache miss)
496 timing reifyNode:node_modules/proxy-addr Completed in 1408ms
497 timing reifyNode:node_modules/dunder-proto Completed in 1414ms
498 timing reifyNode:node_modules/es-define-property Completed in 1413ms
499 http fetch GET 200 https://registry.npmjs.org/array-flatten/-/array-flatten-1.1.1.tgz 1038ms (cache miss)
500 timing reifyNode:node_modules/array-flatten Completed in 1412ms
501 timing reifyNode:node_modules/side-channel-weakmap Completed in 1418ms
502 http fetch GET 200 https://registry.npmjs.org/escape-html/-/escape-html-1.0.3.tgz 1124ms (cache miss)
503 timing reifyNode:node_modules/escape-html Completed in 1413ms
504 http fetch GET 200 https://registry.npmjs.org/finalhandler/-/finalhandler-1.3.1.tgz 1131ms (cache miss)
505 http fetch GET 200 https://registry.npmjs.org/function-bind/-/function-bind-1.1.2.tgz 1305ms (cache miss)
506 http fetch GET 200 https://registry.npmjs.org/path-to-regexp/-/path-to-regexp-0.1.12.tgz 1163ms (cache miss)
507 timing reifyNode:node_modules/path-to-regexp Completed in 1427ms
508 http fetch GET 200 https://registry.npmjs.org/basic-auth/-/basic-auth-2.0.1.tgz 1042ms (cache miss)
509 timing reifyNode:node_modules/basic-auth Completed in 1426ms
510 http fetch GET 200 https://registry.npmjs.org/accepts/-/accepts-1.3.8.tgz 1052ms (cache miss)
511 timing reifyNode:node_modules/accepts Completed in 1427ms
512 timing reifyNode:node_modules/get-intrinsic Completed in 1433ms
513 timing reifyNode:node_modules/side-channel-list Completed in 1434ms
514 http fetch GET 200 https://registry.npmjs.org/depd/-/depd-2.0.0.tgz 1128ms (cache miss)
515 timing reifyNode:node_modules/depd Completed in 1429ms
516 http fetch GET 200 https://registry.npmjs.org/range-parser/-/range-parser-1.2.1.tgz 1173ms (cache miss)
517 timing reifyNode:node_modules/range-parser Completed in 1431ms
518 http fetch GET 200 https://registry.npmjs.org/send/-/send-0.19.0.tgz 1175ms (cache miss)
519 timing reifyNode:node_modules/send Completed in 1432ms
520 http fetch GET 200 https://registry.npmjs.org/mime-types/-/mime-types-2.1.35.tgz 1194ms (cache miss)
521 timing reifyNode:node_modules/mime-types Completed in 1433ms
522 http fetch GET 200 https://registry.npmjs.org/es-object-atoms/-/es-object-atoms-1.1.1.tgz 1324ms (cache miss)
523 timing reifyNode:node_modules/get-proto Completed in 1439ms
524 timing reifyNode:node_modules/finalhandler Completed in 1435ms
525 http fetch GET 200 https://registry.npmjs.org/safe-buffer/-/safe-buffer-5.1.2.tgz 1064ms (cache miss)
526 timing reifyNode:node_modules/safe-buffer Completed in 1440ms
527 timing reifyNode:node_modules/body-parser Completed in 1449ms
528 timing reifyNode:node_modules/function-bind Completed in 1458ms
529 http fetch GET 200 https://registry.npmjs.org/side-channel/-/side-channel-1.1.0.tgz 1284ms (cache miss)
530 timing reifyNode:node_modules/side-channel Completed in 1459ms
531 timing reifyNode:node_modules/es-object-atoms Completed in 1461ms
532 http fetch GET 200 https://registry.npmjs.org/ipaddr.js/-/ipaddr.js-1.9.1.tgz 1268ms (cache miss)
533 timing reifyNode:node_modules/ipaddr.js Completed in 1461ms
534 http fetch GET 200 https://registry.npmjs.org/negotiator/-/negotiator-0.6.3.tgz 1225ms (cache miss)
535 timing reifyNode:node_modules/negotiator Completed in 1463ms
536 http fetch GET 200 https://registry.npmjs.org/es-errors/-/es-errors-1.3.0.tgz 1316ms (cache miss)
537 http fetch GET 200 https://registry.npmjs.org/call-bind-apply-helpers/-/call-bind-apply-helpers-1.0.2.tgz 1342ms (cache miss)
538 http fetch GET 200 https://registry.npmjs.org/debug/-/debug-2.6.9.tgz 1403ms (cache miss)
539 timing reifyNode:node_modules/debug Completed in 1466ms
540 http fetch GET 200 https://registry.npmjs.org/has-symbols/-/has-symbols-1.1.0.tgz 1367ms (cache miss)
541 timing reifyNode:node_modules/has-symbols Completed in 1472ms
542 timing reifyNode:node_modules/es-errors Completed in 1478ms
543 timing reifyNode:node_modules/call-bind-apply-helpers Completed in 1478ms
544 http fetch GET 200 https://registry.npmjs.org/mime-db/-/mime-db-1.52.0.tgz 1269ms (cache miss)
545 timing reifyNode:node_modules/mime-db Completed in 1481ms
546 http fetch GET 200 https://registry.npmjs.org/dotenv/-/dotenv-16.4.7.tgz 1096ms (cache miss)
547 timing reifyNode:node_modules/dotenv Completed in 1476ms
548 http fetch GET 200 https://registry.npmjs.org/mime/-/mime-1.6.0.tgz 1329ms (cache miss)
549 timing reifyNode:node_modules/mime Completed in 1489ms
550 http fetch GET 200 https://registry.npmjs.org/math-intrinsics/-/math-intrinsics-1.1.0.tgz 1400ms (cache miss)
551 timing reifyNode:node_modules/math-intrinsics Completed in 1501ms
552 http fetch GET 200 https://registry.npmjs.org/qs/-/qs-6.13.0.tgz 1254ms (cache miss)
553 timing reifyNode:node_modules/qs Completed in 1514ms
554 http fetch GET 200 https://registry.npmjs.org/object-inspect/-/object-inspect-1.13.4.tgz 1371ms (cache miss)
555 timing reifyNode:node_modules/object-inspect Completed in 1521ms
556 http fetch GET 200 https://registry.npmjs.org/express/-/express-4.21.2.tgz 1151ms (cache miss)
557 timing reifyNode:node_modules/express Completed in 1531ms
558 http fetch GET 200 https://registry.npmjs.org/iconv-lite/-/iconv-lite-0.4.24.tgz 1310ms (cache miss)
559 timing reifyNode:node_modules/iconv-lite Completed in 1546ms
560 timing reify:unpack Completed in 1548ms
561 timing reify:unretire Completed in 1ms
562 timing build:queue Completed in 4ms
563 timing build:link:node_modules/mime Completed in 6ms
564 timing build:link Completed in 6ms
565 timing build:deps Completed in 12ms
566 timing build Completed in 12ms
567 timing reify:build Completed in 13ms
568 timing reify:trash Completed in 0ms
569 timing reify:save Completed in 42ms
570 timing reify Completed in 3242ms
571 silly ADD node_modules/media-typer
572 silly ADD node_modules/dunder-proto
573 silly ADD node_modules/math-intrinsics
574 silly ADD node_modules/hasown
575 silly ADD node_modules/has-symbols
576 silly ADD node_modules/gopd
577 silly ADD node_modules/get-proto
578 silly ADD node_modules/es-object-atoms
579 silly ADD node_modules/es-define-property
580 silly ADD node_modules/function-bind
581 silly ADD node_modules/call-bind-apply-helpers
582 silly ADD node_modules/get-intrinsic
583 silly ADD node_modules/call-bound
584 silly ADD node_modules/side-channel-weakmap
585 silly ADD node_modules/side-channel-map
586 silly ADD node_modules/side-channel-list
587 silly ADD node_modules/object-inspect
588 silly ADD node_modules/es-errors
589 silly ADD node_modules/mime
590 silly ADD node_modules/side-channel
591 silly ADD node_modules/ipaddr.js
592 silly ADD node_modules/forwarded
593 silly ADD node_modules/ee-first
594 silly ADD node_modules/mime-db
595 silly ADD node_modules/safer-buffer
596 silly ADD node_modules/toidentifier
597 silly ADD node_modules/inherits
598 silly ADD node_modules/ms
599 silly ADD node_modules/unpipe
600 silly ADD node_modules/raw-body
601 silly ADD node_modules/iconv-lite
602 silly ADD node_modules/destroy
603 silly ADD node_modules/bytes
604 silly ADD node_modules/negotiator
605 silly ADD node_modules/mime-types
606 silly ADD node_modules/vary
607 silly ADD node_modules/utils-merge
608 silly ADD node_modules/type-is
609 silly ADD node_modules/statuses
610 silly ADD node_modules/setprototypeof
611 silly ADD node_modules/serve-static
612 silly ADD node_modules/send
613 silly ADD node_modules/send/node_modules/ms
614 silly ADD node_modules/send/node_modules/encodeurl
615 silly ADD node_modules/range-parser
616 silly ADD node_modules/qs
617 silly ADD node_modules/proxy-addr
618 silly ADD node_modules/path-to-regexp
619 silly ADD node_modules/parseurl
620 silly ADD node_modules/on-finished
621 silly ADD node_modules/methods
622 silly ADD node_modules/merge-descriptors
623 silly ADD node_modules/http-errors
624 silly ADD node_modules/fresh
625 silly ADD node_modules/finalhandler
626 silly ADD node_modules/etag
627 silly ADD node_modules/escape-html
628 silly ADD node_modules/encodeurl
629 silly ADD node_modules/depd
630 silly ADD node_modules/debug
631 silly ADD node_modules/cookie-signature
632 silly ADD node_modules/cookie
633 silly ADD node_modules/content-type
634 silly ADD node_modules/content-disposition
635 silly ADD node_modules/content-disposition/node_modules/safe-buffer
636 silly ADD node_modules/body-parser
637 silly ADD node_modules/array-flatten
638 silly ADD node_modules/accepts
639 silly ADD node_modules/safe-buffer
640 silly ADD node_modules/express
641 silly ADD node_modules/express/node_modules/safe-buffer
642 silly ADD node_modules/dotenv
643 silly ADD node_modules/basic-auth
644 timing command:install Completed in 3258ms
645 verbose exit 0
646 timing npm Completed in 3342ms
647 info ok
